steamcmd.sh
linux32/steamcmd
linux32/steamerrorreporter
linux32/libstdc++.so.6
linux32/crashhandler.so
testing steamcmd
Redirecting stderr to '/root/Steam/logs/stderr.txt'
ILocalize::AddFile() failed to load file "public/steambootstrapper_english.txt".
[  0%] Checking for available update...
[----] Downloading update (0 of 13269 KB)...
[  0%] Downloading update (2216 of 13269 KB)...
[ 16%] Downloading update (4052 of 13269 KB)...
[ 30%] Downloading update (5413 of 13269 KB)...
[ 40%] Downloading update (6772 of 13269 KB)...
[ 51%] Downloading update (8287 of 13269 KB)...
[ 62%] Downloading update (9636 of 13269 KB)...
[ 72%] Downloading update (11143 of 13269 KB)...
[ 83%] Downloading update (12490 of 13269 KB)...
[ 94%] Downloading update (13269 of 13269 KB)...
[100%] Download Complete.
[----] Applying update...
[----] Extracting package...
[----] Extracting package...
[----] Extracting package...
[----] Installing update...
[----] Installing update...
[----] Installing update...
[----] Installing update...
[----] Cleaning up...
[----] Update complete, launching...
Redirecting stderr to '/root/Steam/logs/stderr.txt'
[  0%] Checking for available updates...
[----] Verifying installation...
Steam Console Client (c) Valve Corporation
-- type 'quit' to exit --
Loading Steam API...OK.

Connecting anonymously to Steam Public...Logged in OK
Waiting for user info...OK
installing / validating ttt
Redirecting stderr to '/root/Steam/logs/stderr.txt'
[  0%] Checking for available updates...
[----] Verifying installation...
Steam Console Client (c) Valve Corporation
-- type 'quit' to exit --
Loading Steam API...OK.

Connecting anonymously to Steam Public...Logged in OK
Waiting for user info...OK
 Update state (0x3) reconfiguring, progress: 0.00 (0 / 0)
 Update state (0x3) reconfiguring, progress: 0.00 (0 / 0)
 Update state (0x3) reconfiguring, progress: 0.00 (0 / 0)
 Update state (0x3) reconfiguring, progress: 0.00 (0 / 0)
 Update state (0x3) reconfiguring, progress: 0.00 (0 / 0)
 Update state (0x3) reconfiguring, progress: 0.00 (0 / 0)
 Update state (0x3) reconfiguring, progress: 0.00 (0 / 0)
 Update state (0x3) reconfiguring, progress: 0.00 (0 / 0)
 Update state (0x3) reconfiguring, progress: 0.00 (0 / 0)
 Update state (0x3) reconfiguring, progress: 0.00 (0 / 0)
 Update state (0x3) reconfiguring, progress: 0.00 (0 / 0)
 Update state (0x3) reconfiguring, progress: 0.00 (0 / 0)
 Update state (0x3) reconfiguring, progress: 0.00 (0 / 0)
 Update state (0x3) reconfiguring, progress: 0.00 (0 / 0)
 Update state (0x3) reconfiguring, progress: 0.00 (0 / 0)
 Update state (0x3) reconfiguring, progress: 0.00 (0 / 0)
 Update state (0x5) validating, progress: 0.89 (34757008 / 3924934088)
 Update state (0x5) validating, progress: 7.64 (299890423 / 3924934088)
 Update state (0x5) validating, progress: 16.32 (640371691 / 3924934088)
 Update state (0x5) validating, progress: 24.56 (963981343 / 3924934088)
 Update state (0x5) validating, progress: 30.54 (1198644216 / 3924934088)
 Update state (0x5) validating, progress: 36.89 (1447868608 / 3924934088)
 Update state (0x5) validating, progress: 46.11 (1809783357 / 3924934088)
 Update state (0x5) validating, progress: 55.57 (2180952591 / 3924934088)
 Update state (0x5) validating, progress: 64.09 (2515628671 / 3924934088)
 Update state (0x5) validating, progress: 73.42 (2881645453 / 3924934088)
 Update state (0x5) validating, progress: 81.38 (3194205334 / 3924934088)
 Update state (0x5) validating, progress: 90.54 (3553826494 / 3924934088)
 Update state (0x5) validating, progress: 99.15 (3891452699 / 3924934088)
Success! App '4020' fully installed.
starting with
-game garrysmod +maxplayers 12 +map gm_flatgrass -debug
-game garrysmod +maxplayers 12 +map gm_flatgrass -debug


************** WARNING ***************
Running the dedicated server as root
is highly discouraged. It is generally
unnecessary to use root privileges to
execute the dedicated server.
**************************************


Auto detecting CPUntinue to launch in 1 secondss
Using default binary: ./srcds_linux
Enabling debug mode
Server will auto-restart if there is a crash.
Setting breakpad minidump AppID = 4000
[S_API FAIL] SteamAPI_Init() failed; SteamAPI_IsSteamRunning() failed.
[S_API FAIL] SteamAPI_Init() failed; SteamAPI_IsSteamRunning() failed.